<?xml version="1.0" encoding="UTF-8"?>
<!-- Generated by org.testng.reporters.JUnitReportReporter -->
<testsuite hostname="Akshay" failures="0" tests="2" name="AkshaySelenium.SeleniumTest" time="0.072" errors="0" timestamp="2022-07-24T09:16:20 IST" skipped="0">
  <testcase classname="AkshaySelenium.SeleniumTest" name="BrowserAutomation" time="0.055"/>
  <system-out/>
  <testcase classname="AkshaySelenium.SeleniumTest" name="Elements" time="0.017"/>
  <system-out/>
</testsuite> <!-- AkshaySelenium.SeleniumTest -->
