<?xml version="1.0" encoding="UTF-8"?>
<!-- Generated by org.testng.reporters.JUnitReportReporter -->
<testsuite hostname="Akshay" failures="0" tests="2" name="AkshaySelenium.SeleniumTest" time="0.003" errors="0" timestamp="24 Jul 2022 05:47:52 GMT">
  <testcase classname="AkshaySelenium.SeleniumTest" name="BrowserAutomation" time="0.002"/>
  <testcase classname="AkshaySelenium.SeleniumTest" name="Elements" time="0.001"/>
</testsuite> <!-- AkshaySelenium.SeleniumTest -->
