<?xml version="1.0" encoding="UTF-8"?>
<!-- Generated by org.testng.reporters.JUnitReportReporter -->
<testsuite hostname="Akshay" failures="0" tests="1" name="AkshaySelenium.AppTest" time="0.011" errors="0" timestamp="24 Jul 2022 03:49:23 GMT">
  <testcase classname="AkshaySelenium.AppTest" name="shouldAnswerWithTrue" time="0.011"/>
</testsuite> <!-- AkshaySelenium.AppTest -->
