<?xml version="1.0" encoding="UTF-8"?>
<!-- Generated by org.testng.reporters.JUnitReportReporter -->
<testsuite hostname="Akshay" failures="0" tests="2" name="AkshaySelenium.RESTAPITest" time="0.007" errors="0" timestamp="24 Jul 2022 05:51:31 GMT">
  <testcase classname="AkshaySelenium.RESTAPITest" name="posJira" time="0.003"/>
  <testcase classname="AkshaySelenium.RESTAPITest" name="deleteTwitter" time="0.004"/>
</testsuite> <!-- AkshaySelenium.RESTAPITest -->
