<?xml version="1.0" encoding="UTF-8"?>
<!-- Generated by org.testng.reporters.JUnitReportReporter -->
<testsuite hostname="Akshay" failures="0" tests="2" name="AkshaySelenium.AppiumTest" time="0.045" errors="0" timestamp="24 Jul 2022 05:51:31 GMT">
  <testcase classname="AkshaySelenium.AppiumTest" name="IOSApps" time="0.042"/>
  <testcase classname="AkshaySelenium.AppiumTest" name="NativeAPandroid" time="0.003"/>
</testsuite> <!-- AkshaySelenium.AppiumTest -->
